<?xml version="1.0" encoding="UTF-8"?>
<!-- Generated by org.testng.reporters.JUnitReportReporter -->
<testsuite hostname="DESKTOP-5OBGDOB" failures="0" tests="2" name="testNG.DataDriven" time="0.026" errors="0" timestamp="2021-10-18T10:13:28 SAST" skipped="0">
  <testcase classname="testNG.DataDriven" name="test2" time="0.012"/>
  <system-out/>
  <testcase classname="testNG.DataDriven" name="test1" time="0.014"/>
  <system-out/>
</testsuite> <!-- testNG.DataDriven -->
