<?xml version="1.0" encoding="UTF-8"?>
<!-- Generated by org.testng.reporters.JUnitReportReporter -->
<testsuite hostname="DESKTOP-5OBGDOB" failures="0" tests="1" name="readEmails.EmailClickDemo" time="8.327" errors="0" timestamp="2021-10-18T08:40:31 SAST" skipped="0">
  <testcase classname="readEmails.EmailClickDemo" name="clickEmail" time="8.327"/>
  <system-out/>
</testsuite> <!-- readEmails.EmailClickDemo -->
