<?xml version="1.0" encoding="UTF-8"?>
<!-- Generated by org.testng.reporters.JUnitReportReporter -->
<testsuite hostname="DESKTOP-5OBGDOB" failures="0" tests="2" name="testNG.compare" time="11.101" errors="0" timestamp="2021-10-18T11:04:51 SAST" skipped="0">
  <testcase classname="testNG.compare" name="login" time="11.080"/>
  <system-out/>
  <testcase classname="testNG.compare" name="name" time="0.021"/>
  <system-out/>
</testsuite> <!-- testNG.compare -->
