<?xml version="1.0" encoding="UTF-8"?>
<!-- Generated by org.testng.reporters.JUnitReportReporter -->
<testsuite hostname="DESKTOP-5OBGDOB" failures="0" tests="1" name="testing.Registration" time="127.324" errors="0" timestamp="2021-10-21T07:51:59 SAST" skipped="0">
  <testcase classname="testing.Registration" name="Registration" time="127.324"/>
  <system-out/>
</testsuite> <!-- testing.Registration -->
