<?xml version="1.0" encoding="UTF-8"?>
<!-- Generated by org.testng.reporters.JUnitReportReporter -->
<testsuite hostname="DESKTOP-5OBGDOB" failures="0" tests="2" name="zensar.WoolworthsMaven.Registration" time="222.771" errors="0" timestamp="2021-10-25T13:15:39 SAST" skipped="0">
  <testcase classname="zensar.WoolworthsMaven.Registration" name="Registration" time="126.185"/>
  <system-out/>
  <testcase classname="zensar.WoolworthsMaven.Registration" name="zlogin" time="96.586"/>
  <system-out/>
</testsuite> <!-- zensar.WoolworthsMaven.Registration -->
