<?xml version="1.0" encoding="UTF-8"?>
<!-- Generated by org.testng.reporters.JUnitReportReporter -->
<testsuite hostname="DESKTOP-5OBGDOB" failures="0" tests="1" name="testScript.Mscript" time="7.368" errors="0" timestamp="2021-10-25T11:04:04 SAST" skipped="0">
  <testcase classname="testScript.Mscript" name="test" time="7.368"/>
  <system-out/>
</testsuite> <!-- testScript.Mscript -->
