<?xml version="1.0" encoding="UTF-8"?>
<!-- Generated by org.testng.reporters.JUnitReportReporter -->
<testsuite hostname="DESKTOP-5OBGDOB" failures="0" tests="2" name="testNG.Adactin" time="26.238" errors="0" timestamp="2021-10-20T08:42:42 SAST" skipped="0">
  <testcase classname="testNG.Adactin" name="checkDates" time="14.145"/>
  <system-out/>
  <testcase classname="testNG.Adactin" name="checkDate" time="12.093"/>
  <system-out/>
</testsuite> <!-- testNG.Adactin -->
