<?xml version="1.0" encoding="UTF-8"?>
<!-- Generated by org.testng.reporters.JUnitReportReporter -->
<testsuite hostname="DESKTOP-5OBGDOB" failures="0" tests="2" name="testNG.Adactin" time="28.483" errors="0" timestamp="2021-10-18T18:40:02 SAST" skipped="0">
  <testcase classname="testNG.Adactin" name="checkDates" time="13.538"/>
  <system-out/>
  <testcase classname="testNG.Adactin" name="checkDate" time="14.945"/>
  <system-out/>
</testsuite> <!-- testNG.Adactin -->
