<?xml version="1.0" encoding="UTF-8"?>
<!-- Generated by org.testng.reporters.JUnitReportReporter -->
<testsuite hostname="DESKTOP-5OBGDOB" failures="0" tests="2" name="testNG.UrlLogin" time="22.969" errors="0" timestamp="2021-10-18T10:54:18 SAST" skipped="0">
  <testcase classname="testNG.UrlLogin" name="login" time="12.123"/>
  <system-out/>
  <testcase classname="testNG.UrlLogin" name="compare" time="10.846"/>
  <system-out/>
</testsuite> <!-- testNG.UrlLogin -->
