<?xml version="1.0" encoding="UTF-8"?>
<!-- Generated by org.testng.reporters.JUnitReportReporter -->
<testsuite hostname="DESKTOP-5OBGDOB" failures="0" tests="1" name="testNG.Inherit" time="11.282" errors="0" timestamp="2021-10-18T11:20:42 SAST" skipped="0">
  <testcase classname="testNG.Inherit" name="login" time="11.282"/>
  <system-out/>
</testsuite> <!-- testNG.Inherit -->
