<?xml version="1.0" encoding="UTF-8"?>
<!-- Generated by org.testng.reporters.JUnitReportReporter -->
<testsuite hostname="DESKTOP-5OBGDOB" failures="0" tests="1" name="testCases.TCLogin" time="45.188" errors="0" timestamp="2021-10-28T10:28:40 SAST" skipped="0">
  <testcase classname="testCases.TCLogin" name="register" time="45.188"/>
  <system-out/>
</testsuite> <!-- testCases.TCLogin -->
