<?xml version="1.0" encoding="UTF-8"?>
<!-- Generated by org.testng.reporters.JUnitReportReporter -->
<testsuite hostname="DESKTOP-5OBGDOB" failures="0" tests="1" name="ToolQA.DemoMavenEclipseProject.AppTest" time="0.014" errors="0" timestamp="2021-10-25T11:03:41 SAST" skipped="0">
  <testcase classname="ToolQA.DemoMavenEclipseProject.AppTest" name="shouldAnswerWithTrue" time="0.014"/>
  <system-out/>
</testsuite> <!-- ToolQA.DemoMavenEclipseProject.AppTest -->
