<?xml version="1.0" encoding="UTF-8"?>
<!-- Generated by org.testng.reporters.JUnitReportReporter -->
<testsuite hostname="DESKTOP-5OBGDOB" failures="0" tests="1" name="zensar.WoolworthsMaven.AppTest" time="0.016" errors="0" timestamp="2021-10-25T12:35:25 SAST" skipped="0">
  <testcase classname="zensar.WoolworthsMaven.AppTest" name="shouldAnswerWithTrue" time="0.016"/>
  <system-out/>
</testsuite> <!-- zensar.WoolworthsMaven.AppTest -->
